ARM GAS  C:\Users\asafw\AppData\Local\Temp\ccf4mSAC.s 			page 1


   1              		.cpu cortex-m4
   2              		.eabi_attribute 27, 1
   3              		.eabi_attribute 28, 1
   4              		.eabi_attribute 20, 1
   5              		.eabi_attribute 21, 1
   6              		.eabi_attribute 23, 3
   7              		.eabi_attribute 24, 1
   8              		.eabi_attribute 25, 1
   9              		.eabi_attribute 26, 1
  10              		.eabi_attribute 30, 1
  11              		.eabi_attribute 34, 1
  12              		.eabi_attribute 18, 4
  13              		.file	"main.c"
  14              		.text
  15              	.Ltext0:
  16              		.cfi_sections	.debug_frame
  17              		.section	.text.MX_GPIO_Init,"ax",%progbits
  18              		.align	1
  19              		.arch armv7e-m
  20              		.syntax unified
  21              		.thumb
  22              		.thumb_func
  23              		.fpu fpv4-sp-d16
  25              	MX_GPIO_Init:
  26              	.LFB135:
  27              		.file 1 "Src/main.c"
   1:Src/main.c    **** /* USER CODE BEGIN Header */
   2:Src/main.c    **** /**
   3:Src/main.c    ****   ******************************************************************************
   4:Src/main.c    ****   * @file           : main.c
   5:Src/main.c    ****   * @brief          : Main program body
   6:Src/main.c    ****   ******************************************************************************
   7:Src/main.c    ****   * @attention
   8:Src/main.c    ****   *
   9:Src/main.c    ****   * <h2><center>&copy; Copyright (c) 2020 STMicroelectronics.
  10:Src/main.c    ****   * All rights reserved.</center></h2>
  11:Src/main.c    ****   *
  12:Src/main.c    ****   * This software component is licensed by ST under Ultimate Liberty license
  13:Src/main.c    ****   * SLA0044, the "License"; You may not use this file except in compliance with
  14:Src/main.c    ****   * the License. You may obtain a copy of the License at:
  15:Src/main.c    ****   *                             www.st.com/SLA0044
  16:Src/main.c    ****   *
  17:Src/main.c    ****   ******************************************************************************
  18:Src/main.c    ****   */
  19:Src/main.c    **** /* USER CODE END Header */
  20:Src/main.c    **** 
  21:Src/main.c    **** /* Includes ------------------------------------------------------------------*/
  22:Src/main.c    **** #include "main.h"
  23:Src/main.c    **** #include "usb_host.h"
  24:Src/main.c    **** 
  25:Src/main.c    **** /* Private includes ----------------------------------------------------------*/
  26:Src/main.c    **** /* USER CODE BEGIN Includes */
  27:Src/main.c    **** 
  28:Src/main.c    **** /* USER CODE END Includes */
  29:Src/main.c    **** 
  30:Src/main.c    **** /* Private typedef -----------------------------------------------------------*/
  31:Src/main.c    **** /* USER CODE BEGIN PTD */
ARM GAS  C:\Users\asafw\AppData\Local\Temp\ccf4mSAC.s 			page 2


  32:Src/main.c    **** 
  33:Src/main.c    **** /* USER CODE END PTD */
  34:Src/main.c    **** 
  35:Src/main.c    **** /* Private define ------------------------------------------------------------*/
  36:Src/main.c    **** /* USER CODE BEGIN PD */
  37:Src/main.c    **** /* USER CODE END PD */
  38:Src/main.c    **** 
  39:Src/main.c    **** /* Private macro -------------------------------------------------------------*/
  40:Src/main.c    **** /* USER CODE BEGIN PM */
  41:Src/main.c    **** 
  42:Src/main.c    **** /* USER CODE END PM */
  43:Src/main.c    **** 
  44:Src/main.c    **** /* Private variables ---------------------------------------------------------*/
  45:Src/main.c    **** I2C_HandleTypeDef hi2c1;
  46:Src/main.c    **** 
  47:Src/main.c    **** I2S_HandleTypeDef hi2s3;
  48:Src/main.c    **** 
  49:Src/main.c    **** SPI_HandleTypeDef hspi1;
  50:Src/main.c    **** 
  51:Src/main.c    **** /* USER CODE BEGIN PV */
  52:Src/main.c    **** 
  53:Src/main.c    **** /* USER CODE END PV */
  54:Src/main.c    **** 
  55:Src/main.c    **** /* Private function prototypes -----------------------------------------------*/
  56:Src/main.c    **** void SystemClock_Config(void);
  57:Src/main.c    **** static void MX_GPIO_Init(void);
  58:Src/main.c    **** static void MX_I2C1_Init(void);
  59:Src/main.c    **** static void MX_I2S3_Init(void);
  60:Src/main.c    **** static void MX_SPI1_Init(void);
  61:Src/main.c    **** void MX_USB_HOST_Process(void);
  62:Src/main.c    **** 
  63:Src/main.c    **** /* USER CODE BEGIN PFP */
  64:Src/main.c    **** 
  65:Src/main.c    **** /* USER CODE END PFP */
  66:Src/main.c    **** 
  67:Src/main.c    **** /* Private user code ---------------------------------------------------------*/
  68:Src/main.c    **** /* USER CODE BEGIN 0 */
  69:Src/main.c    **** 
  70:Src/main.c    **** /* USER CODE END 0 */
  71:Src/main.c    **** 
  72:Src/main.c    **** /**
  73:Src/main.c    ****   * @brief  The application entry point.
  74:Src/main.c    ****   * @retval int
  75:Src/main.c    ****   */
  76:Src/main.c    **** int main(void)
  77:Src/main.c    **** {
  78:Src/main.c    ****   /* USER CODE BEGIN 1 */
  79:Src/main.c    **** 
  80:Src/main.c    ****   /* USER CODE END 1 */
  81:Src/main.c    **** 
  82:Src/main.c    ****   /* MCU Configuration--------------------------------------------------------*/
  83:Src/main.c    **** 
  84:Src/main.c    ****   /* Reset of all peripherals, Initializes the Flash interface and the Systick. */
  85:Src/main.c    ****   HAL_Init();
  86:Src/main.c    **** 
  87:Src/main.c    ****   /* USER CODE BEGIN Init */
  88:Src/main.c    **** 
ARM GAS  C:\Users\asafw\AppData\Local\Temp\ccf4mSAC.s 			page 3


  89:Src/main.c    ****   /* USER CODE END Init */
  90:Src/main.c    **** 
  91:Src/main.c    ****   /* Configure the system clock */
  92:Src/main.c    ****   SystemClock_Config();
  93:Src/main.c    **** 
  94:Src/main.c    ****   /* USER CODE BEGIN SysInit */
  95:Src/main.c    **** 
  96:Src/main.c    ****   /* USER CODE END SysInit */
  97:Src/main.c    **** 
  98:Src/main.c    ****   /* Initialize all configured peripherals */
  99:Src/main.c    ****   MX_GPIO_Init();
 100:Src/main.c    ****   MX_I2C1_Init();
 101:Src/main.c    ****   MX_I2S3_Init();
 102:Src/main.c    ****   MX_SPI1_Init();
 103:Src/main.c    ****   MX_USB_HOST_Init();
 104:Src/main.c    ****   /* USER CODE BEGIN 2 */
 105:Src/main.c    **** 
 106:Src/main.c    ****   /* USER CODE END 2 */
 107:Src/main.c    **** 
 108:Src/main.c    ****   /* Infinite loop */
 109:Src/main.c    ****   /* USER CODE BEGIN WHILE */
 110:Src/main.c    ****   while (1)
 111:Src/main.c    ****   {
 112:Src/main.c    **** 
 113:Src/main.c    ****     /*Asa'f code play with LEDs*/
 114:Src/main.c    ****     /*HAL_GPIO_TogglePin(GPIOD,LD6_Pin);
 115:Src/main.c    ****     //HAL_GPIO_TogglePin(GPIOD,LD4_Pin);
 116:Src/main.c    ****     //HAL_GPIO_TogglePin(GPIOD,LD3_Pin);
 117:Src/main.c    ****     //HAL_GPIO_TogglePin(GPIOD,LD5_Pin);
 118:Src/main.c    ****     //HAL_Delay(200);
 119:Src/main.c    ****     */
 120:Src/main.c    **** 
 121:Src/main.c    ****     /* USER CODE END WHILE */
 122:Src/main.c    ****     MX_USB_HOST_Process();
 123:Src/main.c    **** 
 124:Src/main.c    ****     /* USER CODE BEGIN 3 */
 125:Src/main.c    ****   }
 126:Src/main.c    ****   /* USER CODE END 3 */
 127:Src/main.c    **** }
 128:Src/main.c    **** 
 129:Src/main.c    **** /**
 130:Src/main.c    ****   * @brief System Clock Configuration
 131:Src/main.c    ****   * @retval None
 132:Src/main.c    ****   */
 133:Src/main.c    **** void SystemClock_Config(void)
 134:Src/main.c    **** {
 135:Src/main.c    ****   RCC_OscInitTypeDef RCC_OscInitStruct = {0};
 136:Src/main.c    ****   RCC_ClkInitTypeDef RCC_ClkInitStruct = {0};
 137:Src/main.c    ****   RCC_PeriphCLKInitTypeDef PeriphClkInitStruct = {0};
 138:Src/main.c    **** 
 139:Src/main.c    ****   /** Configure the main internal regulator output voltage 
 140:Src/main.c    ****   */
 141:Src/main.c    ****   __HAL_RCC_PWR_CLK_ENABLE();
 142:Src/main.c    ****   __HAL_PWR_VOLTAGESCALING_CONFIG(PWR_REGULATOR_VOLTAGE_SCALE1);
 143:Src/main.c    ****   /** Initializes the CPU, AHB and APB busses clocks 
 144:Src/main.c    ****   */
 145:Src/main.c    ****   RCC_OscInitStruct.OscillatorType = RCC_OSCILLATORTYPE_HSE;
ARM GAS  C:\Users\asafw\AppData\Local\Temp\ccf4mSAC.s 			page 4


 146:Src/main.c    ****   RCC_OscInitStruct.HSEState = RCC_HSE_ON;
 147:Src/main.c    ****   RCC_OscInitStruct.PLL.PLLState = RCC_PLL_ON;
 148:Src/main.c    ****   RCC_OscInitStruct.PLL.PLLSource = RCC_PLLSOURCE_HSE;
 149:Src/main.c    ****   RCC_OscInitStruct.PLL.PLLM = 8;
 150:Src/main.c    ****   RCC_OscInitStruct.PLL.PLLN = 336;
 151:Src/main.c    ****   RCC_OscInitStruct.PLL.PLLP = RCC_PLLP_DIV2;
 152:Src/main.c    ****   RCC_OscInitStruct.PLL.PLLQ = 7;
 153:Src/main.c    ****   if (HAL_RCC_OscConfig(&RCC_OscInitStruct) != HAL_OK)
 154:Src/main.c    ****   {
 155:Src/main.c    ****     Error_Handler();
 156:Src/main.c    ****   }
 157:Src/main.c    ****   /** Initializes the CPU, AHB and APB busses clocks 
 158:Src/main.c    ****   */
 159:Src/main.c    ****   RCC_ClkInitStruct.ClockType = RCC_CLOCKTYPE_HCLK|RCC_CLOCKTYPE_SYSCLK
 160:Src/main.c    ****                               |RCC_CLOCKTYPE_PCLK1|RCC_CLOCKTYPE_PCLK2;
 161:Src/main.c    ****   RCC_ClkInitStruct.SYSCLKSource = RCC_SYSCLKSOURCE_PLLCLK;
 162:Src/main.c    ****   RCC_ClkInitStruct.AHBCLKDivider = RCC_SYSCLK_DIV1;
 163:Src/main.c    ****   RCC_ClkInitStruct.APB1CLKDivider = RCC_HCLK_DIV4;
 164:Src/main.c    ****   RCC_ClkInitStruct.APB2CLKDivider = RCC_HCLK_DIV2;
 165:Src/main.c    **** 
 166:Src/main.c    ****   if (HAL_RCC_ClockConfig(&RCC_ClkInitStruct, FLASH_LATENCY_5) != HAL_OK)
 167:Src/main.c    ****   {
 168:Src/main.c    ****     Error_Handler();
 169:Src/main.c    ****   }
 170:Src/main.c    ****   PeriphClkInitStruct.PeriphClockSelection = RCC_PERIPHCLK_I2S;
 171:Src/main.c    ****   PeriphClkInitStruct.PLLI2S.PLLI2SN = 192;
 172:Src/main.c    ****   PeriphClkInitStruct.PLLI2S.PLLI2SR = 2;
 173:Src/main.c    ****   if (HAL_RCCEx_PeriphCLKConfig(&PeriphClkInitStruct) != HAL_OK)
 174:Src/main.c    ****   {
 175:Src/main.c    ****     Error_Handler();
 176:Src/main.c    ****   }
 177:Src/main.c    **** }
 178:Src/main.c    **** 
 179:Src/main.c    **** /**
 180:Src/main.c    ****   * @brief I2C1 Initialization Function
 181:Src/main.c    ****   * @param None
 182:Src/main.c    ****   * @retval None
 183:Src/main.c    ****   */
 184:Src/main.c    **** static void MX_I2C1_Init(void)
 185:Src/main.c    **** {
 186:Src/main.c    **** 
 187:Src/main.c    ****   /* USER CODE BEGIN I2C1_Init 0 */
 188:Src/main.c    **** 
 189:Src/main.c    ****   /* USER CODE END I2C1_Init 0 */
 190:Src/main.c    **** 
 191:Src/main.c    ****   /* USER CODE BEGIN I2C1_Init 1 */
 192:Src/main.c    **** 
 193:Src/main.c    ****   /* USER CODE END I2C1_Init 1 */
 194:Src/main.c    ****   hi2c1.Instance = I2C1;
 195:Src/main.c    ****   hi2c1.Init.ClockSpeed = 100000;
 196:Src/main.c    ****   hi2c1.Init.DutyCycle = I2C_DUTYCYCLE_2;
 197:Src/main.c    ****   hi2c1.Init.OwnAddress1 = 0;
 198:Src/main.c    ****   hi2c1.Init.AddressingMode = I2C_ADDRESSINGMODE_7BIT;
 199:Src/main.c    ****   hi2c1.Init.DualAddressMode = I2C_DUALADDRESS_DISABLE;
 200:Src/main.c    ****   hi2c1.Init.OwnAddress2 = 0;
 201:Src/main.c    ****   hi2c1.Init.GeneralCallMode = I2C_GENERALCALL_DISABLE;
 202:Src/main.c    ****   hi2c1.Init.NoStretchMode = I2C_NOSTRETCH_DISABLE;
ARM GAS  C:\Users\asafw\AppData\Local\Temp\ccf4mSAC.s 			page 5


 203:Src/main.c    ****   if (HAL_I2C_Init(&hi2c1) != HAL_OK)
 204:Src/main.c    ****   {
 205:Src/main.c    ****     Error_Handler();
 206:Src/main.c    ****   }
 207:Src/main.c    ****   /* USER CODE BEGIN I2C1_Init 2 */
 208:Src/main.c    **** 
 209:Src/main.c    ****   /* USER CODE END I2C1_Init 2 */
 210:Src/main.c    **** 
 211:Src/main.c    **** }
 212:Src/main.c    **** 
 213:Src/main.c    **** /**
 214:Src/main.c    ****   * @brief I2S3 Initialization Function
 215:Src/main.c    ****   * @param None
 216:Src/main.c    ****   * @retval None
 217:Src/main.c    ****   */
 218:Src/main.c    **** static void MX_I2S3_Init(void)
 219:Src/main.c    **** {
 220:Src/main.c    **** 
 221:Src/main.c    ****   /* USER CODE BEGIN I2S3_Init 0 */
 222:Src/main.c    **** 
 223:Src/main.c    ****   /* USER CODE END I2S3_Init 0 */
 224:Src/main.c    **** 
 225:Src/main.c    ****   /* USER CODE BEGIN I2S3_Init 1 */
 226:Src/main.c    **** 
 227:Src/main.c    ****   /* USER CODE END I2S3_Init 1 */
 228:Src/main.c    ****   hi2s3.Instance = SPI3;
 229:Src/main.c    ****   hi2s3.Init.Mode = I2S_MODE_MASTER_TX;
 230:Src/main.c    ****   hi2s3.Init.Standard = I2S_STANDARD_PHILIPS;
 231:Src/main.c    ****   hi2s3.Init.DataFormat = I2S_DATAFORMAT_16B;
 232:Src/main.c    ****   hi2s3.Init.MCLKOutput = I2S_MCLKOUTPUT_ENABLE;
 233:Src/main.c    ****   hi2s3.Init.AudioFreq = I2S_AUDIOFREQ_96K;
 234:Src/main.c    ****   hi2s3.Init.CPOL = I2S_CPOL_LOW;
 235:Src/main.c    ****   hi2s3.Init.ClockSource = I2S_CLOCK_PLL;
 236:Src/main.c    ****   hi2s3.Init.FullDuplexMode = I2S_FULLDUPLEXMODE_DISABLE;
 237:Src/main.c    ****   if (HAL_I2S_Init(&hi2s3) != HAL_OK)
 238:Src/main.c    ****   {
 239:Src/main.c    ****     Error_Handler();
 240:Src/main.c    ****   }
 241:Src/main.c    ****   /* USER CODE BEGIN I2S3_Init 2 */
 242:Src/main.c    **** 
 243:Src/main.c    ****   /* USER CODE END I2S3_Init 2 */
 244:Src/main.c    **** 
 245:Src/main.c    **** }
 246:Src/main.c    **** 
 247:Src/main.c    **** /**
 248:Src/main.c    ****   * @brief SPI1 Initialization Function
 249:Src/main.c    ****   * @param None
 250:Src/main.c    ****   * @retval None
 251:Src/main.c    ****   */
 252:Src/main.c    **** static void MX_SPI1_Init(void)
 253:Src/main.c    **** {
 254:Src/main.c    **** 
 255:Src/main.c    ****   /* USER CODE BEGIN SPI1_Init 0 */
 256:Src/main.c    **** 
 257:Src/main.c    ****   /* USER CODE END SPI1_Init 0 */
 258:Src/main.c    **** 
 259:Src/main.c    ****   /* USER CODE BEGIN SPI1_Init 1 */
ARM GAS  C:\Users\asafw\AppData\Local\Temp\ccf4mSAC.s 			page 6


 260:Src/main.c    **** 
 261:Src/main.c    ****   /* USER CODE END SPI1_Init 1 */
 262:Src/main.c    ****   /* SPI1 parameter configuration*/
 263:Src/main.c    ****   hspi1.Instance = SPI1;
 264:Src/main.c    ****   hspi1.Init.Mode = SPI_MODE_MASTER;
 265:Src/main.c    ****   hspi1.Init.Direction = SPI_DIRECTION_2LINES;
 266:Src/main.c    ****   hspi1.Init.DataSize = SPI_DATASIZE_8BIT;
 267:Src/main.c    ****   hspi1.Init.CLKPolarity = SPI_POLARITY_LOW;
 268:Src/main.c    ****   hspi1.Init.CLKPhase = SPI_PHASE_1EDGE;
 269:Src/main.c    ****   hspi1.Init.NSS = SPI_NSS_SOFT;
 270:Src/main.c    ****   hspi1.Init.BaudRatePrescaler = SPI_BAUDRATEPRESCALER_2;
 271:Src/main.c    ****   hspi1.Init.FirstBit = SPI_FIRSTBIT_MSB;
 272:Src/main.c    ****   hspi1.Init.TIMode = SPI_TIMODE_DISABLE;
 273:Src/main.c    ****   hspi1.Init.CRCCalculation = SPI_CRCCALCULATION_DISABLE;
 274:Src/main.c    ****   hspi1.Init.CRCPolynomial = 10;
 275:Src/main.c    ****   if (HAL_SPI_Init(&hspi1) != HAL_OK)
 276:Src/main.c    ****   {
 277:Src/main.c    ****     Error_Handler();
 278:Src/main.c    ****   }
 279:Src/main.c    ****   /* USER CODE BEGIN SPI1_Init 2 */
 280:Src/main.c    **** 
 281:Src/main.c    ****   /* USER CODE END SPI1_Init 2 */
 282:Src/main.c    **** 
 283:Src/main.c    **** }
 284:Src/main.c    **** 
 285:Src/main.c    **** /**
 286:Src/main.c    ****   * @brief GPIO Initialization Function
 287:Src/main.c    ****   * @param None
 288:Src/main.c    ****   * @retval None
 289:Src/main.c    ****   */
 290:Src/main.c    **** static void MX_GPIO_Init(void)
 291:Src/main.c    **** {
  28              		.loc 1 291 1 view -0
  29              		.cfi_startproc
  30              		@ args = 0, pretend = 0, frame = 48
  31              		@ frame_needed = 0, uses_anonymous_args = 0
  32 0000 2DE9F04F 		push	{r4, r5, r6, r7, r8, r9, r10, fp, lr}
  33              	.LCFI0:
  34              		.cfi_def_cfa_offset 36
  35              		.cfi_offset 4, -36
  36              		.cfi_offset 5, -32
  37              		.cfi_offset 6, -28
  38              		.cfi_offset 7, -24
  39              		.cfi_offset 8, -20
  40              		.cfi_offset 9, -16
  41              		.cfi_offset 10, -12
  42              		.cfi_offset 11, -8
  43              		.cfi_offset 14, -4
  44 0004 8DB0     		sub	sp, sp, #52
  45              	.LCFI1:
  46              		.cfi_def_cfa_offset 88
 292:Src/main.c    ****   GPIO_InitTypeDef GPIO_InitStruct = {0};
  47              		.loc 1 292 3 view .LVU1
  48              		.loc 1 292 20 is_stmt 0 view .LVU2
  49 0006 0024     		movs	r4, #0
  50 0008 0794     		str	r4, [sp, #28]
  51 000a 0894     		str	r4, [sp, #32]
ARM GAS  C:\Users\asafw\AppData\Local\Temp\ccf4mSAC.s 			page 7


  52 000c 0994     		str	r4, [sp, #36]
  53 000e 0A94     		str	r4, [sp, #40]
  54 0010 0B94     		str	r4, [sp, #44]
 293:Src/main.c    **** 
 294:Src/main.c    ****   /* GPIO Ports Clock Enable */
 295:Src/main.c    ****   __HAL_RCC_GPIOE_CLK_ENABLE();
  55              		.loc 1 295 3 is_stmt 1 view .LVU3
  56              	.LBB2:
  57              		.loc 1 295 3 view .LVU4
  58 0012 0194     		str	r4, [sp, #4]
  59              		.loc 1 295 3 view .LVU5
  60 0014 564B     		ldr	r3, .L3
  61 0016 1A6B     		ldr	r2, [r3, #48]
  62 0018 42F01002 		orr	r2, r2, #16
  63 001c 1A63     		str	r2, [r3, #48]
  64              		.loc 1 295 3 view .LVU6
  65 001e 1A6B     		ldr	r2, [r3, #48]
  66 0020 02F01002 		and	r2, r2, #16
  67 0024 0192     		str	r2, [sp, #4]
  68              		.loc 1 295 3 view .LVU7
  69 0026 019A     		ldr	r2, [sp, #4]
  70              	.LBE2:
  71              		.loc 1 295 3 view .LVU8
 296:Src/main.c    ****   __HAL_RCC_GPIOC_CLK_ENABLE();
  72              		.loc 1 296 3 view .LVU9
  73              	.LBB3:
  74              		.loc 1 296 3 view .LVU10
  75 0028 0294     		str	r4, [sp, #8]
  76              		.loc 1 296 3 view .LVU11
  77 002a 1A6B     		ldr	r2, [r3, #48]
  78 002c 42F00402 		orr	r2, r2, #4
  79 0030 1A63     		str	r2, [r3, #48]
  80              		.loc 1 296 3 view .LVU12
  81 0032 1A6B     		ldr	r2, [r3, #48]
  82 0034 02F00402 		and	r2, r2, #4
  83 0038 0292     		str	r2, [sp, #8]
  84              		.loc 1 296 3 view .LVU13
  85 003a 029A     		ldr	r2, [sp, #8]
  86              	.LBE3:
  87              		.loc 1 296 3 view .LVU14
 297:Src/main.c    ****   __HAL_RCC_GPIOH_CLK_ENABLE();
  88              		.loc 1 297 3 view .LVU15
  89              	.LBB4:
  90              		.loc 1 297 3 view .LVU16
  91 003c 0394     		str	r4, [sp, #12]
  92              		.loc 1 297 3 view .LVU17
  93 003e 1A6B     		ldr	r2, [r3, #48]
  94 0040 42F08002 		orr	r2, r2, #128
  95 0044 1A63     		str	r2, [r3, #48]
  96              		.loc 1 297 3 view .LVU18
  97 0046 1A6B     		ldr	r2, [r3, #48]
  98 0048 02F08002 		and	r2, r2, #128
  99 004c 0392     		str	r2, [sp, #12]
 100              		.loc 1 297 3 view .LVU19
 101 004e 039A     		ldr	r2, [sp, #12]
 102              	.LBE4:
 103              		.loc 1 297 3 view .LVU20
ARM GAS  C:\Users\asafw\AppData\Local\Temp\ccf4mSAC.s 			page 8


 298:Src/main.c    ****   __HAL_RCC_GPIOA_CLK_ENABLE();
 104              		.loc 1 298 3 view .LVU21
 105              	.LBB5:
 106              		.loc 1 298 3 view .LVU22
 107 0050 0494     		str	r4, [sp, #16]
 108              		.loc 1 298 3 view .LVU23
 109 0052 1A6B     		ldr	r2, [r3, #48]
 110 0054 42F00102 		orr	r2, r2, #1
 111 0058 1A63     		str	r2, [r3, #48]
 112              		.loc 1 298 3 view .LVU24
 113 005a 1A6B     		ldr	r2, [r3, #48]
 114 005c 02F00102 		and	r2, r2, #1
 115 0060 0492     		str	r2, [sp, #16]
 116              		.loc 1 298 3 view .LVU25
 117 0062 049A     		ldr	r2, [sp, #16]
 118              	.LBE5:
 119              		.loc 1 298 3 view .LVU26
 299:Src/main.c    ****   __HAL_RCC_GPIOB_CLK_ENABLE();
 120              		.loc 1 299 3 view .LVU27
 121              	.LBB6:
 122              		.loc 1 299 3 view .LVU28
 123 0064 0594     		str	r4, [sp, #20]
 124              		.loc 1 299 3 view .LVU29
 125 0066 1A6B     		ldr	r2, [r3, #48]
 126 0068 42F00202 		orr	r2, r2, #2
 127 006c 1A63     		str	r2, [r3, #48]
 128              		.loc 1 299 3 view .LVU30
 129 006e 1A6B     		ldr	r2, [r3, #48]
 130 0070 02F00202 		and	r2, r2, #2
 131 0074 0592     		str	r2, [sp, #20]
 132              		.loc 1 299 3 view .LVU31
 133 0076 059A     		ldr	r2, [sp, #20]
 134              	.LBE6:
 135              		.loc 1 299 3 view .LVU32
 300:Src/main.c    ****   __HAL_RCC_GPIOD_CLK_ENABLE();
 136              		.loc 1 300 3 view .LVU33
 137              	.LBB7:
 138              		.loc 1 300 3 view .LVU34
 139 0078 0694     		str	r4, [sp, #24]
 140              		.loc 1 300 3 view .LVU35
 141 007a 1A6B     		ldr	r2, [r3, #48]
 142 007c 42F00802 		orr	r2, r2, #8
 143 0080 1A63     		str	r2, [r3, #48]
 144              		.loc 1 300 3 view .LVU36
 145 0082 1B6B     		ldr	r3, [r3, #48]
 146 0084 03F00803 		and	r3, r3, #8
 147 0088 0693     		str	r3, [sp, #24]
 148              		.loc 1 300 3 view .LVU37
 149 008a 069B     		ldr	r3, [sp, #24]
 150              	.LBE7:
 151              		.loc 1 300 3 view .LVU38
 301:Src/main.c    **** 
 302:Src/main.c    ****   /*Configure GPIO pin Output Level */
 303:Src/main.c    ****   HAL_GPIO_WritePin(CS_I2C_SPI_GPIO_Port, CS_I2C_SPI_Pin, GPIO_PIN_RESET);
 152              		.loc 1 303 3 view .LVU39
 153 008c 394E     		ldr	r6, .L3+4
 154 008e 2246     		mov	r2, r4
ARM GAS  C:\Users\asafw\AppData\Local\Temp\ccf4mSAC.s 			page 9


 155 0090 0821     		movs	r1, #8
 156 0092 3046     		mov	r0, r6
 157 0094 FFF7FEFF 		bl	HAL_GPIO_WritePin
 158              	.LVL0:
 304:Src/main.c    **** 
 305:Src/main.c    ****   /*Configure GPIO pin Output Level */
 306:Src/main.c    ****   HAL_GPIO_WritePin(OTG_FS_PowerSwitchOn_GPIO_Port, OTG_FS_PowerSwitchOn_Pin, GPIO_PIN_SET);
 159              		.loc 1 306 3 view .LVU40
 160 0098 DFF8E090 		ldr	r9, .L3+12
 161 009c 0122     		movs	r2, #1
 162 009e 1146     		mov	r1, r2
 163 00a0 4846     		mov	r0, r9
 164 00a2 FFF7FEFF 		bl	HAL_GPIO_WritePin
 165              	.LVL1:
 307:Src/main.c    **** 
 308:Src/main.c    ****   /*Configure GPIO pin Output Level */
 309:Src/main.c    ****   HAL_GPIO_WritePin(GPIOD, LD4_Pin|LD3_Pin|LD5_Pin|LD6_Pin 
 166              		.loc 1 309 3 view .LVU41
 167 00a6 DFF8D880 		ldr	r8, .L3+16
 168 00aa 2246     		mov	r2, r4
 169 00ac 4FF21001 		movw	r1, #61456
 170 00b0 4046     		mov	r0, r8
 171 00b2 FFF7FEFF 		bl	HAL_GPIO_WritePin
 172              	.LVL2:
 310:Src/main.c    ****                           |Audio_RST_Pin, GPIO_PIN_RESET);
 311:Src/main.c    **** 
 312:Src/main.c    ****   /*Configure GPIO pin : CS_I2C_SPI_Pin */
 313:Src/main.c    ****   GPIO_InitStruct.Pin = CS_I2C_SPI_Pin;
 173              		.loc 1 313 3 view .LVU42
 174              		.loc 1 313 23 is_stmt 0 view .LVU43
 175 00b6 0827     		movs	r7, #8
 176 00b8 0797     		str	r7, [sp, #28]
 314:Src/main.c    ****   GPIO_InitStruct.Mode = GPIO_MODE_OUTPUT_PP;
 177              		.loc 1 314 3 is_stmt 1 view .LVU44
 178              		.loc 1 314 24 is_stmt 0 view .LVU45
 179 00ba 0125     		movs	r5, #1
 180 00bc 0895     		str	r5, [sp, #32]
 315:Src/main.c    ****   GPIO_InitStruct.Pull = GPIO_NOPULL;
 181              		.loc 1 315 3 is_stmt 1 view .LVU46
 182              		.loc 1 315 24 is_stmt 0 view .LVU47
 183 00be 0994     		str	r4, [sp, #36]
 316:Src/main.c    ****   GPIO_InitStruct.Speed = GPIO_SPEED_FREQ_LOW;
 184              		.loc 1 316 3 is_stmt 1 view .LVU48
 185              		.loc 1 316 25 is_stmt 0 view .LVU49
 186 00c0 0A94     		str	r4, [sp, #40]
 317:Src/main.c    ****   HAL_GPIO_Init(CS_I2C_SPI_GPIO_Port, &GPIO_InitStruct);
 187              		.loc 1 317 3 is_stmt 1 view .LVU50
 188 00c2 07A9     		add	r1, sp, #28
 189 00c4 3046     		mov	r0, r6
 190 00c6 FFF7FEFF 		bl	HAL_GPIO_Init
 191              	.LVL3:
 318:Src/main.c    **** 
 319:Src/main.c    ****   /*Configure GPIO pin : OTG_FS_PowerSwitchOn_Pin */
 320:Src/main.c    ****   GPIO_InitStruct.Pin = OTG_FS_PowerSwitchOn_Pin;
 192              		.loc 1 320 3 view .LVU51
 193              		.loc 1 320 23 is_stmt 0 view .LVU52
 194 00ca 0795     		str	r5, [sp, #28]
ARM GAS  C:\Users\asafw\AppData\Local\Temp\ccf4mSAC.s 			page 10


 321:Src/main.c    ****   GPIO_InitStruct.Mode = GPIO_MODE_OUTPUT_PP;
 195              		.loc 1 321 3 is_stmt 1 view .LVU53
 196              		.loc 1 321 24 is_stmt 0 view .LVU54
 197 00cc 0895     		str	r5, [sp, #32]
 322:Src/main.c    ****   GPIO_InitStruct.Pull = GPIO_NOPULL;
 198              		.loc 1 322 3 is_stmt 1 view .LVU55
 199              		.loc 1 322 24 is_stmt 0 view .LVU56
 200 00ce 0994     		str	r4, [sp, #36]
 323:Src/main.c    ****   GPIO_InitStruct.Speed = GPIO_SPEED_FREQ_LOW;
 201              		.loc 1 323 3 is_stmt 1 view .LVU57
 202              		.loc 1 323 25 is_stmt 0 view .LVU58
 203 00d0 0A94     		str	r4, [sp, #40]
 324:Src/main.c    ****   HAL_GPIO_Init(OTG_FS_PowerSwitchOn_GPIO_Port, &GPIO_InitStruct);
 204              		.loc 1 324 3 is_stmt 1 view .LVU59
 205 00d2 07A9     		add	r1, sp, #28
 206 00d4 4846     		mov	r0, r9
 207 00d6 FFF7FEFF 		bl	HAL_GPIO_Init
 208              	.LVL4:
 325:Src/main.c    **** 
 326:Src/main.c    ****   /*Configure GPIO pin : PDM_OUT_Pin */
 327:Src/main.c    ****   GPIO_InitStruct.Pin = PDM_OUT_Pin;
 209              		.loc 1 327 3 view .LVU60
 210              		.loc 1 327 23 is_stmt 0 view .LVU61
 211 00da 0797     		str	r7, [sp, #28]
 328:Src/main.c    ****   GPIO_InitStruct.Mode = GPIO_MODE_AF_PP;
 212              		.loc 1 328 3 is_stmt 1 view .LVU62
 213              		.loc 1 328 24 is_stmt 0 view .LVU63
 214 00dc 0227     		movs	r7, #2
 215 00de 0897     		str	r7, [sp, #32]
 329:Src/main.c    ****   GPIO_InitStruct.Pull = GPIO_NOPULL;
 216              		.loc 1 329 3 is_stmt 1 view .LVU64
 217              		.loc 1 329 24 is_stmt 0 view .LVU65
 218 00e0 0994     		str	r4, [sp, #36]
 330:Src/main.c    ****   GPIO_InitStruct.Speed = GPIO_SPEED_FREQ_LOW;
 219              		.loc 1 330 3 is_stmt 1 view .LVU66
 220              		.loc 1 330 25 is_stmt 0 view .LVU67
 221 00e2 0A94     		str	r4, [sp, #40]
 331:Src/main.c    ****   GPIO_InitStruct.Alternate = GPIO_AF5_SPI2;
 222              		.loc 1 331 3 is_stmt 1 view .LVU68
 223              		.loc 1 331 29 is_stmt 0 view .LVU69
 224 00e4 4FF0050A 		mov	r10, #5
 225 00e8 CDF82CA0 		str	r10, [sp, #44]
 332:Src/main.c    ****   HAL_GPIO_Init(PDM_OUT_GPIO_Port, &GPIO_InitStruct);
 226              		.loc 1 332 3 is_stmt 1 view .LVU70
 227 00ec 07A9     		add	r1, sp, #28
 228 00ee 4846     		mov	r0, r9
 229 00f0 FFF7FEFF 		bl	HAL_GPIO_Init
 230              	.LVL5:
 333:Src/main.c    **** 
 334:Src/main.c    ****   /*Configure GPIO pin : B1_Pin */
 335:Src/main.c    ****   GPIO_InitStruct.Pin = B1_Pin;
 231              		.loc 1 335 3 view .LVU71
 232              		.loc 1 335 23 is_stmt 0 view .LVU72
 233 00f4 0795     		str	r5, [sp, #28]
 336:Src/main.c    ****   GPIO_InitStruct.Mode = GPIO_MODE_EVT_RISING;
 234              		.loc 1 336 3 is_stmt 1 view .LVU73
 235              		.loc 1 336 24 is_stmt 0 view .LVU74
ARM GAS  C:\Users\asafw\AppData\Local\Temp\ccf4mSAC.s 			page 11


 236 00f6 DFF88C90 		ldr	r9, .L3+20
 237 00fa CDF82090 		str	r9, [sp, #32]
 337:Src/main.c    ****   GPIO_InitStruct.Pull = GPIO_NOPULL;
 238              		.loc 1 337 3 is_stmt 1 view .LVU75
 239              		.loc 1 337 24 is_stmt 0 view .LVU76
 240 00fe 0994     		str	r4, [sp, #36]
 338:Src/main.c    ****   HAL_GPIO_Init(B1_GPIO_Port, &GPIO_InitStruct);
 241              		.loc 1 338 3 is_stmt 1 view .LVU77
 242 0100 07A9     		add	r1, sp, #28
 243 0102 1D48     		ldr	r0, .L3+8
 244 0104 FFF7FEFF 		bl	HAL_GPIO_Init
 245              	.LVL6:
 339:Src/main.c    **** 
 340:Src/main.c    ****   /*Configure GPIO pin : BOOT1_Pin */
 341:Src/main.c    ****   GPIO_InitStruct.Pin = BOOT1_Pin;
 246              		.loc 1 341 3 view .LVU78
 247              		.loc 1 341 23 is_stmt 0 view .LVU79
 248 0108 0423     		movs	r3, #4
 249 010a 0793     		str	r3, [sp, #28]
 342:Src/main.c    ****   GPIO_InitStruct.Mode = GPIO_MODE_INPUT;
 250              		.loc 1 342 3 is_stmt 1 view .LVU80
 251              		.loc 1 342 24 is_stmt 0 view .LVU81
 252 010c 0894     		str	r4, [sp, #32]
 343:Src/main.c    ****   GPIO_InitStruct.Pull = GPIO_NOPULL;
 253              		.loc 1 343 3 is_stmt 1 view .LVU82
 254              		.loc 1 343 24 is_stmt 0 view .LVU83
 255 010e 0994     		str	r4, [sp, #36]
 344:Src/main.c    ****   HAL_GPIO_Init(BOOT1_GPIO_Port, &GPIO_InitStruct);
 256              		.loc 1 344 3 is_stmt 1 view .LVU84
 257 0110 DFF874B0 		ldr	fp, .L3+24
 258 0114 07A9     		add	r1, sp, #28
 259 0116 5846     		mov	r0, fp
 260 0118 FFF7FEFF 		bl	HAL_GPIO_Init
 261              	.LVL7:
 345:Src/main.c    **** 
 346:Src/main.c    ****   /*Configure GPIO pin : CLK_IN_Pin */
 347:Src/main.c    ****   GPIO_InitStruct.Pin = CLK_IN_Pin;
 262              		.loc 1 347 3 view .LVU85
 263              		.loc 1 347 23 is_stmt 0 view .LVU86
 264 011c 4FF48063 		mov	r3, #1024
 265 0120 0793     		str	r3, [sp, #28]
 348:Src/main.c    ****   GPIO_InitStruct.Mode = GPIO_MODE_AF_PP;
 266              		.loc 1 348 3 is_stmt 1 view .LVU87
 267              		.loc 1 348 24 is_stmt 0 view .LVU88
 268 0122 0897     		str	r7, [sp, #32]
 349:Src/main.c    ****   GPIO_InitStruct.Pull = GPIO_NOPULL;
 269              		.loc 1 349 3 is_stmt 1 view .LVU89
 270              		.loc 1 349 24 is_stmt 0 view .LVU90
 271 0124 0994     		str	r4, [sp, #36]
 350:Src/main.c    ****   GPIO_InitStruct.Speed = GPIO_SPEED_FREQ_LOW;
 272              		.loc 1 350 3 is_stmt 1 view .LVU91
 273              		.loc 1 350 25 is_stmt 0 view .LVU92
 274 0126 0A94     		str	r4, [sp, #40]
 351:Src/main.c    ****   GPIO_InitStruct.Alternate = GPIO_AF5_SPI2;
 275              		.loc 1 351 3 is_stmt 1 view .LVU93
 276              		.loc 1 351 29 is_stmt 0 view .LVU94
 277 0128 CDF82CA0 		str	r10, [sp, #44]
ARM GAS  C:\Users\asafw\AppData\Local\Temp\ccf4mSAC.s 			page 12


 352:Src/main.c    ****   HAL_GPIO_Init(CLK_IN_GPIO_Port, &GPIO_InitStruct);
 278              		.loc 1 352 3 is_stmt 1 view .LVU95
 279 012c 07A9     		add	r1, sp, #28
 280 012e 5846     		mov	r0, fp
 281 0130 FFF7FEFF 		bl	HAL_GPIO_Init
 282              	.LVL8:
 353:Src/main.c    **** 
 354:Src/main.c    ****   /*Configure GPIO pins : LD4_Pin LD3_Pin LD5_Pin LD6_Pin 
 355:Src/main.c    ****                            Audio_RST_Pin */
 356:Src/main.c    ****   GPIO_InitStruct.Pin = LD4_Pin|LD3_Pin|LD5_Pin|LD6_Pin 
 283              		.loc 1 356 3 view .LVU96
 284              		.loc 1 356 23 is_stmt 0 view .LVU97
 285 0134 4FF21003 		movw	r3, #61456
 286 0138 0793     		str	r3, [sp, #28]
 357:Src/main.c    ****                           |Audio_RST_Pin;
 358:Src/main.c    ****   GPIO_InitStruct.Mode = GPIO_MODE_OUTPUT_PP;
 287              		.loc 1 358 3 is_stmt 1 view .LVU98
 288              		.loc 1 358 24 is_stmt 0 view .LVU99
 289 013a 0895     		str	r5, [sp, #32]
 359:Src/main.c    ****   GPIO_InitStruct.Pull = GPIO_NOPULL;
 290              		.loc 1 359 3 is_stmt 1 view .LVU100
 291              		.loc 1 359 24 is_stmt 0 view .LVU101
 292 013c 0994     		str	r4, [sp, #36]
 360:Src/main.c    ****   GPIO_InitStruct.Speed = GPIO_SPEED_FREQ_LOW;
 293              		.loc 1 360 3 is_stmt 1 view .LVU102
 294              		.loc 1 360 25 is_stmt 0 view .LVU103
 295 013e 0A94     		str	r4, [sp, #40]
 361:Src/main.c    ****   HAL_GPIO_Init(GPIOD, &GPIO_InitStruct);
 296              		.loc 1 361 3 is_stmt 1 view .LVU104
 297 0140 07A9     		add	r1, sp, #28
 298 0142 4046     		mov	r0, r8
 299 0144 FFF7FEFF 		bl	HAL_GPIO_Init
 300              	.LVL9:
 362:Src/main.c    **** 
 363:Src/main.c    ****   /*Configure GPIO pin : OTG_FS_OverCurrent_Pin */
 364:Src/main.c    ****   GPIO_InitStruct.Pin = OTG_FS_OverCurrent_Pin;
 301              		.loc 1 364 3 view .LVU105
 302              		.loc 1 364 23 is_stmt 0 view .LVU106
 303 0148 2023     		movs	r3, #32
 304 014a 0793     		str	r3, [sp, #28]
 365:Src/main.c    ****   GPIO_InitStruct.Mode = GPIO_MODE_INPUT;
 305              		.loc 1 365 3 is_stmt 1 view .LVU107
 306              		.loc 1 365 24 is_stmt 0 view .LVU108
 307 014c 0894     		str	r4, [sp, #32]
 366:Src/main.c    ****   GPIO_InitStruct.Pull = GPIO_NOPULL;
 308              		.loc 1 366 3 is_stmt 1 view .LVU109
 309              		.loc 1 366 24 is_stmt 0 view .LVU110
 310 014e 0994     		str	r4, [sp, #36]
 367:Src/main.c    ****   HAL_GPIO_Init(OTG_FS_OverCurrent_GPIO_Port, &GPIO_InitStruct);
 311              		.loc 1 367 3 is_stmt 1 view .LVU111
 312 0150 07A9     		add	r1, sp, #28
 313 0152 4046     		mov	r0, r8
 314 0154 FFF7FEFF 		bl	HAL_GPIO_Init
 315              	.LVL10:
 368:Src/main.c    **** 
 369:Src/main.c    ****   /*Configure GPIO pin : MEMS_INT2_Pin */
 370:Src/main.c    ****   GPIO_InitStruct.Pin = MEMS_INT2_Pin;
ARM GAS  C:\Users\asafw\AppData\Local\Temp\ccf4mSAC.s 			page 13


 316              		.loc 1 370 3 view .LVU112
 317              		.loc 1 370 23 is_stmt 0 view .LVU113
 318 0158 0797     		str	r7, [sp, #28]
 371:Src/main.c    ****   GPIO_InitStruct.Mode = GPIO_MODE_EVT_RISING;
 319              		.loc 1 371 3 is_stmt 1 view .LVU114
 320              		.loc 1 371 24 is_stmt 0 view .LVU115
 321 015a CDF82090 		str	r9, [sp, #32]
 372:Src/main.c    ****   GPIO_InitStruct.Pull = GPIO_NOPULL;
 322              		.loc 1 372 3 is_stmt 1 view .LVU116
 323              		.loc 1 372 24 is_stmt 0 view .LVU117
 324 015e 0994     		str	r4, [sp, #36]
 373:Src/main.c    ****   HAL_GPIO_Init(MEMS_INT2_GPIO_Port, &GPIO_InitStruct);
 325              		.loc 1 373 3 is_stmt 1 view .LVU118
 326 0160 07A9     		add	r1, sp, #28
 327 0162 3046     		mov	r0, r6
 328 0164 FFF7FEFF 		bl	HAL_GPIO_Init
 329              	.LVL11:
 374:Src/main.c    **** 
 375:Src/main.c    **** }
 330              		.loc 1 375 1 is_stmt 0 view .LVU119
 331 0168 0DB0     		add	sp, sp, #52
 332              	.LCFI2:
 333              		.cfi_def_cfa_offset 36
 334              		@ sp needed
 335 016a BDE8F08F 		pop	{r4, r5, r6, r7, r8, r9, r10, fp, pc}
 336              	.L4:
 337 016e 00BF     		.align	2
 338              	.L3:
 339 0170 00380240 		.word	1073887232
 340 0174 00100240 		.word	1073876992
 341 0178 00000240 		.word	1073872896
 342 017c 00080240 		.word	1073874944
 343 0180 000C0240 		.word	1073875968
 344 0184 00001210 		.word	269615104
 345 0188 00040240 		.word	1073873920
 346              		.cfi_endproc
 347              	.LFE135:
 349              		.section	.text.MX_I2C1_Init,"ax",%progbits
 350              		.align	1
 351              		.syntax unified
 352              		.thumb
 353              		.thumb_func
 354              		.fpu fpv4-sp-d16
 356              	MX_I2C1_Init:
 357              	.LFB132:
 185:Src/main.c    **** 
 358              		.loc 1 185 1 is_stmt 1 view -0
 359              		.cfi_startproc
 360              		@ args = 0, pretend = 0, frame = 0
 361              		@ frame_needed = 0, uses_anonymous_args = 0
 362 0000 08B5     		push	{r3, lr}
 363              	.LCFI3:
 364              		.cfi_def_cfa_offset 8
 365              		.cfi_offset 3, -8
 366              		.cfi_offset 14, -4
 194:Src/main.c    ****   hi2c1.Init.ClockSpeed = 100000;
 367              		.loc 1 194 3 view .LVU121
ARM GAS  C:\Users\asafw\AppData\Local\Temp\ccf4mSAC.s 			page 14


 194:Src/main.c    ****   hi2c1.Init.ClockSpeed = 100000;
 368              		.loc 1 194 18 is_stmt 0 view .LVU122
 369 0002 0948     		ldr	r0, .L7
 370 0004 094B     		ldr	r3, .L7+4
 371 0006 0360     		str	r3, [r0]
 195:Src/main.c    ****   hi2c1.Init.DutyCycle = I2C_DUTYCYCLE_2;
 372              		.loc 1 195 3 is_stmt 1 view .LVU123
 195:Src/main.c    ****   hi2c1.Init.DutyCycle = I2C_DUTYCYCLE_2;
 373              		.loc 1 195 25 is_stmt 0 view .LVU124
 374 0008 094B     		ldr	r3, .L7+8
 375 000a 4360     		str	r3, [r0, #4]
 196:Src/main.c    ****   hi2c1.Init.OwnAddress1 = 0;
 376              		.loc 1 196 3 is_stmt 1 view .LVU125
 196:Src/main.c    ****   hi2c1.Init.OwnAddress1 = 0;
 377              		.loc 1 196 24 is_stmt 0 view .LVU126
 378 000c 0023     		movs	r3, #0
 379 000e 8360     		str	r3, [r0, #8]
 197:Src/main.c    ****   hi2c1.Init.AddressingMode = I2C_ADDRESSINGMODE_7BIT;
 380              		.loc 1 197 3 is_stmt 1 view .LVU127
 197:Src/main.c    ****   hi2c1.Init.AddressingMode = I2C_ADDRESSINGMODE_7BIT;
 381              		.loc 1 197 26 is_stmt 0 view .LVU128
 382 0010 C360     		str	r3, [r0, #12]
 198:Src/main.c    ****   hi2c1.Init.DualAddressMode = I2C_DUALADDRESS_DISABLE;
 383              		.loc 1 198 3 is_stmt 1 view .LVU129
 198:Src/main.c    ****   hi2c1.Init.DualAddressMode = I2C_DUALADDRESS_DISABLE;
 384              		.loc 1 198 29 is_stmt 0 view .LVU130
 385 0012 4FF48042 		mov	r2, #16384
 386 0016 0261     		str	r2, [r0, #16]
 199:Src/main.c    ****   hi2c1.Init.OwnAddress2 = 0;
 387              		.loc 1 199 3 is_stmt 1 view .LVU131
 199:Src/main.c    ****   hi2c1.Init.OwnAddress2 = 0;
 388              		.loc 1 199 30 is_stmt 0 view .LVU132
 389 0018 4361     		str	r3, [r0, #20]
 200:Src/main.c    ****   hi2c1.Init.GeneralCallMode = I2C_GENERALCALL_DISABLE;
 390              		.loc 1 200 3 is_stmt 1 view .LVU133
 200:Src/main.c    ****   hi2c1.Init.GeneralCallMode = I2C_GENERALCALL_DISABLE;
 391              		.loc 1 200 26 is_stmt 0 view .LVU134
 392 001a 8361     		str	r3, [r0, #24]
 201:Src/main.c    ****   hi2c1.Init.NoStretchMode = I2C_NOSTRETCH_DISABLE;
 393              		.loc 1 201 3 is_stmt 1 view .LVU135
 201:Src/main.c    ****   hi2c1.Init.NoStretchMode = I2C_NOSTRETCH_DISABLE;
 394              		.loc 1 201 30 is_stmt 0 view .LVU136
 395 001c C361     		str	r3, [r0, #28]
 202:Src/main.c    ****   if (HAL_I2C_Init(&hi2c1) != HAL_OK)
 396              		.loc 1 202 3 is_stmt 1 view .LVU137
 202:Src/main.c    ****   if (HAL_I2C_Init(&hi2c1) != HAL_OK)
 397              		.loc 1 202 28 is_stmt 0 view .LVU138
 398 001e 0362     		str	r3, [r0, #32]
 203:Src/main.c    ****   {
 399              		.loc 1 203 3 is_stmt 1 view .LVU139
 203:Src/main.c    ****   {
 400              		.loc 1 203 7 is_stmt 0 view .LVU140
 401 0020 FFF7FEFF 		bl	HAL_I2C_Init
 402              	.LVL12:
 211:Src/main.c    **** 
 403              		.loc 1 211 1 view .LVU141
 404 0024 08BD     		pop	{r3, pc}
ARM GAS  C:\Users\asafw\AppData\Local\Temp\ccf4mSAC.s 			page 15


 405              	.L8:
 406 0026 00BF     		.align	2
 407              	.L7:
 408 0028 00000000 		.word	hi2c1
 409 002c 00540040 		.word	1073763328
 410 0030 A0860100 		.word	100000
 411              		.cfi_endproc
 412              	.LFE132:
 414              		.section	.text.MX_I2S3_Init,"ax",%progbits
 415              		.align	1
 416              		.syntax unified
 417              		.thumb
 418              		.thumb_func
 419              		.fpu fpv4-sp-d16
 421              	MX_I2S3_Init:
 422              	.LFB133:
 219:Src/main.c    **** 
 423              		.loc 1 219 1 is_stmt 1 view -0
 424              		.cfi_startproc
 425              		@ args = 0, pretend = 0, frame = 0
 426              		@ frame_needed = 0, uses_anonymous_args = 0
 427 0000 08B5     		push	{r3, lr}
 428              	.LCFI4:
 429              		.cfi_def_cfa_offset 8
 430              		.cfi_offset 3, -8
 431              		.cfi_offset 14, -4
 228:Src/main.c    ****   hi2s3.Init.Mode = I2S_MODE_MASTER_TX;
 432              		.loc 1 228 3 view .LVU143
 228:Src/main.c    ****   hi2s3.Init.Mode = I2S_MODE_MASTER_TX;
 433              		.loc 1 228 18 is_stmt 0 view .LVU144
 434 0002 0948     		ldr	r0, .L11
 435 0004 094B     		ldr	r3, .L11+4
 436 0006 0360     		str	r3, [r0]
 229:Src/main.c    ****   hi2s3.Init.Standard = I2S_STANDARD_PHILIPS;
 437              		.loc 1 229 3 is_stmt 1 view .LVU145
 229:Src/main.c    ****   hi2s3.Init.Standard = I2S_STANDARD_PHILIPS;
 438              		.loc 1 229 19 is_stmt 0 view .LVU146
 439 0008 4FF40072 		mov	r2, #512
 440 000c 4260     		str	r2, [r0, #4]
 230:Src/main.c    ****   hi2s3.Init.DataFormat = I2S_DATAFORMAT_16B;
 441              		.loc 1 230 3 is_stmt 1 view .LVU147
 230:Src/main.c    ****   hi2s3.Init.DataFormat = I2S_DATAFORMAT_16B;
 442              		.loc 1 230 23 is_stmt 0 view .LVU148
 443 000e 0023     		movs	r3, #0
 444 0010 8360     		str	r3, [r0, #8]
 231:Src/main.c    ****   hi2s3.Init.MCLKOutput = I2S_MCLKOUTPUT_ENABLE;
 445              		.loc 1 231 3 is_stmt 1 view .LVU149
 231:Src/main.c    ****   hi2s3.Init.MCLKOutput = I2S_MCLKOUTPUT_ENABLE;
 446              		.loc 1 231 25 is_stmt 0 view .LVU150
 447 0012 C360     		str	r3, [r0, #12]
 232:Src/main.c    ****   hi2s3.Init.AudioFreq = I2S_AUDIOFREQ_96K;
 448              		.loc 1 232 3 is_stmt 1 view .LVU151
 232:Src/main.c    ****   hi2s3.Init.AudioFreq = I2S_AUDIOFREQ_96K;
 449              		.loc 1 232 25 is_stmt 0 view .LVU152
 450 0014 0261     		str	r2, [r0, #16]
 233:Src/main.c    ****   hi2s3.Init.CPOL = I2S_CPOL_LOW;
 451              		.loc 1 233 3 is_stmt 1 view .LVU153
ARM GAS  C:\Users\asafw\AppData\Local\Temp\ccf4mSAC.s 			page 16


 233:Src/main.c    ****   hi2s3.Init.CPOL = I2S_CPOL_LOW;
 452              		.loc 1 233 24 is_stmt 0 view .LVU154
 453 0016 064A     		ldr	r2, .L11+8
 454 0018 4261     		str	r2, [r0, #20]
 234:Src/main.c    ****   hi2s3.Init.ClockSource = I2S_CLOCK_PLL;
 455              		.loc 1 234 3 is_stmt 1 view .LVU155
 234:Src/main.c    ****   hi2s3.Init.ClockSource = I2S_CLOCK_PLL;
 456              		.loc 1 234 19 is_stmt 0 view .LVU156
 457 001a 8361     		str	r3, [r0, #24]
 235:Src/main.c    ****   hi2s3.Init.FullDuplexMode = I2S_FULLDUPLEXMODE_DISABLE;
 458              		.loc 1 235 3 is_stmt 1 view .LVU157
 235:Src/main.c    ****   hi2s3.Init.FullDuplexMode = I2S_FULLDUPLEXMODE_DISABLE;
 459              		.loc 1 235 26 is_stmt 0 view .LVU158
 460 001c C361     		str	r3, [r0, #28]
 236:Src/main.c    ****   if (HAL_I2S_Init(&hi2s3) != HAL_OK)
 461              		.loc 1 236 3 is_stmt 1 view .LVU159
 236:Src/main.c    ****   if (HAL_I2S_Init(&hi2s3) != HAL_OK)
 462              		.loc 1 236 29 is_stmt 0 view .LVU160
 463 001e 0362     		str	r3, [r0, #32]
 237:Src/main.c    ****   {
 464              		.loc 1 237 3 is_stmt 1 view .LVU161
 237:Src/main.c    ****   {
 465              		.loc 1 237 7 is_stmt 0 view .LVU162
 466 0020 FFF7FEFF 		bl	HAL_I2S_Init
 467              	.LVL13:
 245:Src/main.c    **** 
 468              		.loc 1 245 1 view .LVU163
 469 0024 08BD     		pop	{r3, pc}
 470              	.L12:
 471 0026 00BF     		.align	2
 472              	.L11:
 473 0028 00000000 		.word	hi2s3
 474 002c 003C0040 		.word	1073757184
 475 0030 00770100 		.word	96000
 476              		.cfi_endproc
 477              	.LFE133:
 479              		.section	.text.MX_SPI1_Init,"ax",%progbits
 480              		.align	1
 481              		.syntax unified
 482              		.thumb
 483              		.thumb_func
 484              		.fpu fpv4-sp-d16
 486              	MX_SPI1_Init:
 487              	.LFB134:
 253:Src/main.c    **** 
 488              		.loc 1 253 1 is_stmt 1 view -0
 489              		.cfi_startproc
 490              		@ args = 0, pretend = 0, frame = 0
 491              		@ frame_needed = 0, uses_anonymous_args = 0
 492 0000 08B5     		push	{r3, lr}
 493              	.LCFI5:
 494              		.cfi_def_cfa_offset 8
 495              		.cfi_offset 3, -8
 496              		.cfi_offset 14, -4
 263:Src/main.c    ****   hspi1.Init.Mode = SPI_MODE_MASTER;
 497              		.loc 1 263 3 view .LVU165
 263:Src/main.c    ****   hspi1.Init.Mode = SPI_MODE_MASTER;
ARM GAS  C:\Users\asafw\AppData\Local\Temp\ccf4mSAC.s 			page 17


 498              		.loc 1 263 18 is_stmt 0 view .LVU166
 499 0002 0B48     		ldr	r0, .L15
 500 0004 0B4B     		ldr	r3, .L15+4
 501 0006 0360     		str	r3, [r0]
 264:Src/main.c    ****   hspi1.Init.Direction = SPI_DIRECTION_2LINES;
 502              		.loc 1 264 3 is_stmt 1 view .LVU167
 264:Src/main.c    ****   hspi1.Init.Direction = SPI_DIRECTION_2LINES;
 503              		.loc 1 264 19 is_stmt 0 view .LVU168
 504 0008 4FF48273 		mov	r3, #260
 505 000c 4360     		str	r3, [r0, #4]
 265:Src/main.c    ****   hspi1.Init.DataSize = SPI_DATASIZE_8BIT;
 506              		.loc 1 265 3 is_stmt 1 view .LVU169
 265:Src/main.c    ****   hspi1.Init.DataSize = SPI_DATASIZE_8BIT;
 507              		.loc 1 265 24 is_stmt 0 view .LVU170
 508 000e 0023     		movs	r3, #0
 509 0010 8360     		str	r3, [r0, #8]
 266:Src/main.c    ****   hspi1.Init.CLKPolarity = SPI_POLARITY_LOW;
 510              		.loc 1 266 3 is_stmt 1 view .LVU171
 266:Src/main.c    ****   hspi1.Init.CLKPolarity = SPI_POLARITY_LOW;
 511              		.loc 1 266 23 is_stmt 0 view .LVU172
 512 0012 C360     		str	r3, [r0, #12]
 267:Src/main.c    ****   hspi1.Init.CLKPhase = SPI_PHASE_1EDGE;
 513              		.loc 1 267 3 is_stmt 1 view .LVU173
 267:Src/main.c    ****   hspi1.Init.CLKPhase = SPI_PHASE_1EDGE;
 514              		.loc 1 267 26 is_stmt 0 view .LVU174
 515 0014 0361     		str	r3, [r0, #16]
 268:Src/main.c    ****   hspi1.Init.NSS = SPI_NSS_SOFT;
 516              		.loc 1 268 3 is_stmt 1 view .LVU175
 268:Src/main.c    ****   hspi1.Init.NSS = SPI_NSS_SOFT;
 517              		.loc 1 268 23 is_stmt 0 view .LVU176
 518 0016 4361     		str	r3, [r0, #20]
 269:Src/main.c    ****   hspi1.Init.BaudRatePrescaler = SPI_BAUDRATEPRESCALER_2;
 519              		.loc 1 269 3 is_stmt 1 view .LVU177
 269:Src/main.c    ****   hspi1.Init.BaudRatePrescaler = SPI_BAUDRATEPRESCALER_2;
 520              		.loc 1 269 18 is_stmt 0 view .LVU178
 521 0018 4FF40072 		mov	r2, #512
 522 001c 8261     		str	r2, [r0, #24]
 270:Src/main.c    ****   hspi1.Init.FirstBit = SPI_FIRSTBIT_MSB;
 523              		.loc 1 270 3 is_stmt 1 view .LVU179
 270:Src/main.c    ****   hspi1.Init.FirstBit = SPI_FIRSTBIT_MSB;
 524              		.loc 1 270 32 is_stmt 0 view .LVU180
 525 001e C361     		str	r3, [r0, #28]
 271:Src/main.c    ****   hspi1.Init.TIMode = SPI_TIMODE_DISABLE;
 526              		.loc 1 271 3 is_stmt 1 view .LVU181
 271:Src/main.c    ****   hspi1.Init.TIMode = SPI_TIMODE_DISABLE;
 527              		.loc 1 271 23 is_stmt 0 view .LVU182
 528 0020 0362     		str	r3, [r0, #32]
 272:Src/main.c    ****   hspi1.Init.CRCCalculation = SPI_CRCCALCULATION_DISABLE;
 529              		.loc 1 272 3 is_stmt 1 view .LVU183
 272:Src/main.c    ****   hspi1.Init.CRCCalculation = SPI_CRCCALCULATION_DISABLE;
 530              		.loc 1 272 21 is_stmt 0 view .LVU184
 531 0022 4362     		str	r3, [r0, #36]
 273:Src/main.c    ****   hspi1.Init.CRCPolynomial = 10;
 532              		.loc 1 273 3 is_stmt 1 view .LVU185
 273:Src/main.c    ****   hspi1.Init.CRCPolynomial = 10;
 533              		.loc 1 273 29 is_stmt 0 view .LVU186
 534 0024 8362     		str	r3, [r0, #40]
ARM GAS  C:\Users\asafw\AppData\Local\Temp\ccf4mSAC.s 			page 18


 274:Src/main.c    ****   if (HAL_SPI_Init(&hspi1) != HAL_OK)
 535              		.loc 1 274 3 is_stmt 1 view .LVU187
 274:Src/main.c    ****   if (HAL_SPI_Init(&hspi1) != HAL_OK)
 536              		.loc 1 274 28 is_stmt 0 view .LVU188
 537 0026 0A23     		movs	r3, #10
 538 0028 C362     		str	r3, [r0, #44]
 275:Src/main.c    ****   {
 539              		.loc 1 275 3 is_stmt 1 view .LVU189
 275:Src/main.c    ****   {
 540              		.loc 1 275 7 is_stmt 0 view .LVU190
 541 002a FFF7FEFF 		bl	HAL_SPI_Init
 542              	.LVL14:
 283:Src/main.c    **** 
 543              		.loc 1 283 1 view .LVU191
 544 002e 08BD     		pop	{r3, pc}
 545              	.L16:
 546              		.align	2
 547              	.L15:
 548 0030 00000000 		.word	hspi1
 549 0034 00300140 		.word	1073819648
 550              		.cfi_endproc
 551              	.LFE134:
 553              		.section	.text.SystemClock_Config,"ax",%progbits
 554              		.align	1
 555              		.global	SystemClock_Config
 556              		.syntax unified
 557              		.thumb
 558              		.thumb_func
 559              		.fpu fpv4-sp-d16
 561              	SystemClock_Config:
 562              	.LFB131:
 134:Src/main.c    ****   RCC_OscInitTypeDef RCC_OscInitStruct = {0};
 563              		.loc 1 134 1 is_stmt 1 view -0
 564              		.cfi_startproc
 565              		@ args = 0, pretend = 0, frame = 96
 566              		@ frame_needed = 0, uses_anonymous_args = 0
 567 0000 70B5     		push	{r4, r5, r6, lr}
 568              	.LCFI6:
 569              		.cfi_def_cfa_offset 16
 570              		.cfi_offset 4, -16
 571              		.cfi_offset 5, -12
 572              		.cfi_offset 6, -8
 573              		.cfi_offset 14, -4
 574 0002 98B0     		sub	sp, sp, #96
 575              	.LCFI7:
 576              		.cfi_def_cfa_offset 112
 135:Src/main.c    ****   RCC_ClkInitTypeDef RCC_ClkInitStruct = {0};
 577              		.loc 1 135 3 view .LVU193
 135:Src/main.c    ****   RCC_ClkInitTypeDef RCC_ClkInitStruct = {0};
 578              		.loc 1 135 22 is_stmt 0 view .LVU194
 579 0004 3022     		movs	r2, #48
 580 0006 0021     		movs	r1, #0
 581 0008 0DEB0200 		add	r0, sp, r2
 582 000c FFF7FEFF 		bl	memset
 583              	.LVL15:
 136:Src/main.c    ****   RCC_PeriphCLKInitTypeDef PeriphClkInitStruct = {0};
 584              		.loc 1 136 3 is_stmt 1 view .LVU195
ARM GAS  C:\Users\asafw\AppData\Local\Temp\ccf4mSAC.s 			page 19


 136:Src/main.c    ****   RCC_PeriphCLKInitTypeDef PeriphClkInitStruct = {0};
 585              		.loc 1 136 22 is_stmt 0 view .LVU196
 586 0010 0024     		movs	r4, #0
 587 0012 0794     		str	r4, [sp, #28]
 588 0014 0894     		str	r4, [sp, #32]
 589 0016 0994     		str	r4, [sp, #36]
 590 0018 0A94     		str	r4, [sp, #40]
 591 001a 0B94     		str	r4, [sp, #44]
 137:Src/main.c    **** 
 592              		.loc 1 137 3 is_stmt 1 view .LVU197
 137:Src/main.c    **** 
 593              		.loc 1 137 28 is_stmt 0 view .LVU198
 594 001c 0394     		str	r4, [sp, #12]
 595 001e 0494     		str	r4, [sp, #16]
 596 0020 0594     		str	r4, [sp, #20]
 597 0022 0694     		str	r4, [sp, #24]
 141:Src/main.c    ****   __HAL_PWR_VOLTAGESCALING_CONFIG(PWR_REGULATOR_VOLTAGE_SCALE1);
 598              		.loc 1 141 3 is_stmt 1 view .LVU199
 599              	.LBB8:
 141:Src/main.c    ****   __HAL_PWR_VOLTAGESCALING_CONFIG(PWR_REGULATOR_VOLTAGE_SCALE1);
 600              		.loc 1 141 3 view .LVU200
 601 0024 0194     		str	r4, [sp, #4]
 141:Src/main.c    ****   __HAL_PWR_VOLTAGESCALING_CONFIG(PWR_REGULATOR_VOLTAGE_SCALE1);
 602              		.loc 1 141 3 view .LVU201
 603 0026 204B     		ldr	r3, .L19
 604 0028 1A6C     		ldr	r2, [r3, #64]
 605 002a 42F08052 		orr	r2, r2, #268435456
 606 002e 1A64     		str	r2, [r3, #64]
 141:Src/main.c    ****   __HAL_PWR_VOLTAGESCALING_CONFIG(PWR_REGULATOR_VOLTAGE_SCALE1);
 607              		.loc 1 141 3 view .LVU202
 608 0030 1B6C     		ldr	r3, [r3, #64]
 609 0032 03F08053 		and	r3, r3, #268435456
 610 0036 0193     		str	r3, [sp, #4]
 141:Src/main.c    ****   __HAL_PWR_VOLTAGESCALING_CONFIG(PWR_REGULATOR_VOLTAGE_SCALE1);
 611              		.loc 1 141 3 view .LVU203
 612 0038 019B     		ldr	r3, [sp, #4]
 613              	.LBE8:
 141:Src/main.c    ****   __HAL_PWR_VOLTAGESCALING_CONFIG(PWR_REGULATOR_VOLTAGE_SCALE1);
 614              		.loc 1 141 3 view .LVU204
 142:Src/main.c    ****   /** Initializes the CPU, AHB and APB busses clocks 
 615              		.loc 1 142 3 view .LVU205
 616              	.LBB9:
 142:Src/main.c    ****   /** Initializes the CPU, AHB and APB busses clocks 
 617              		.loc 1 142 3 view .LVU206
 618 003a 0294     		str	r4, [sp, #8]
 142:Src/main.c    ****   /** Initializes the CPU, AHB and APB busses clocks 
 619              		.loc 1 142 3 view .LVU207
 620 003c 1B4B     		ldr	r3, .L19+4
 621 003e 1A68     		ldr	r2, [r3]
 622 0040 42F48042 		orr	r2, r2, #16384
 623 0044 1A60     		str	r2, [r3]
 142:Src/main.c    ****   /** Initializes the CPU, AHB and APB busses clocks 
 624              		.loc 1 142 3 view .LVU208
 625 0046 1B68     		ldr	r3, [r3]
 626 0048 03F48043 		and	r3, r3, #16384
 627 004c 0293     		str	r3, [sp, #8]
 142:Src/main.c    ****   /** Initializes the CPU, AHB and APB busses clocks 
ARM GAS  C:\Users\asafw\AppData\Local\Temp\ccf4mSAC.s 			page 20


 628              		.loc 1 142 3 view .LVU209
 629 004e 029B     		ldr	r3, [sp, #8]
 630              	.LBE9:
 142:Src/main.c    ****   /** Initializes the CPU, AHB and APB busses clocks 
 631              		.loc 1 142 3 view .LVU210
 145:Src/main.c    ****   RCC_OscInitStruct.HSEState = RCC_HSE_ON;
 632              		.loc 1 145 3 view .LVU211
 145:Src/main.c    ****   RCC_OscInitStruct.HSEState = RCC_HSE_ON;
 633              		.loc 1 145 36 is_stmt 0 view .LVU212
 634 0050 0126     		movs	r6, #1
 635 0052 0C96     		str	r6, [sp, #48]
 146:Src/main.c    ****   RCC_OscInitStruct.PLL.PLLState = RCC_PLL_ON;
 636              		.loc 1 146 3 is_stmt 1 view .LVU213
 146:Src/main.c    ****   RCC_OscInitStruct.PLL.PLLState = RCC_PLL_ON;
 637              		.loc 1 146 30 is_stmt 0 view .LVU214
 638 0054 4FF48033 		mov	r3, #65536
 639 0058 0D93     		str	r3, [sp, #52]
 147:Src/main.c    ****   RCC_OscInitStruct.PLL.PLLSource = RCC_PLLSOURCE_HSE;
 640              		.loc 1 147 3 is_stmt 1 view .LVU215
 147:Src/main.c    ****   RCC_OscInitStruct.PLL.PLLSource = RCC_PLLSOURCE_HSE;
 641              		.loc 1 147 34 is_stmt 0 view .LVU216
 642 005a 0225     		movs	r5, #2
 643 005c 1295     		str	r5, [sp, #72]
 148:Src/main.c    ****   RCC_OscInitStruct.PLL.PLLM = 8;
 644              		.loc 1 148 3 is_stmt 1 view .LVU217
 148:Src/main.c    ****   RCC_OscInitStruct.PLL.PLLM = 8;
 645              		.loc 1 148 35 is_stmt 0 view .LVU218
 646 005e 4FF48003 		mov	r3, #4194304
 647 0062 1393     		str	r3, [sp, #76]
 149:Src/main.c    ****   RCC_OscInitStruct.PLL.PLLN = 336;
 648              		.loc 1 149 3 is_stmt 1 view .LVU219
 149:Src/main.c    ****   RCC_OscInitStruct.PLL.PLLN = 336;
 649              		.loc 1 149 30 is_stmt 0 view .LVU220
 650 0064 0823     		movs	r3, #8
 651 0066 1493     		str	r3, [sp, #80]
 150:Src/main.c    ****   RCC_OscInitStruct.PLL.PLLP = RCC_PLLP_DIV2;
 652              		.loc 1 150 3 is_stmt 1 view .LVU221
 150:Src/main.c    ****   RCC_OscInitStruct.PLL.PLLP = RCC_PLLP_DIV2;
 653              		.loc 1 150 30 is_stmt 0 view .LVU222
 654 0068 4FF4A873 		mov	r3, #336
 655 006c 1593     		str	r3, [sp, #84]
 151:Src/main.c    ****   RCC_OscInitStruct.PLL.PLLQ = 7;
 656              		.loc 1 151 3 is_stmt 1 view .LVU223
 151:Src/main.c    ****   RCC_OscInitStruct.PLL.PLLQ = 7;
 657              		.loc 1 151 30 is_stmt 0 view .LVU224
 658 006e 1695     		str	r5, [sp, #88]
 152:Src/main.c    ****   if (HAL_RCC_OscConfig(&RCC_OscInitStruct) != HAL_OK)
 659              		.loc 1 152 3 is_stmt 1 view .LVU225
 152:Src/main.c    ****   if (HAL_RCC_OscConfig(&RCC_OscInitStruct) != HAL_OK)
 660              		.loc 1 152 30 is_stmt 0 view .LVU226
 661 0070 0723     		movs	r3, #7
 662 0072 1793     		str	r3, [sp, #92]
 153:Src/main.c    ****   {
 663              		.loc 1 153 3 is_stmt 1 view .LVU227
 153:Src/main.c    ****   {
 664              		.loc 1 153 7 is_stmt 0 view .LVU228
 665 0074 0CA8     		add	r0, sp, #48
ARM GAS  C:\Users\asafw\AppData\Local\Temp\ccf4mSAC.s 			page 21


 666 0076 FFF7FEFF 		bl	HAL_RCC_OscConfig
 667              	.LVL16:
 159:Src/main.c    ****                               |RCC_CLOCKTYPE_PCLK1|RCC_CLOCKTYPE_PCLK2;
 668              		.loc 1 159 3 is_stmt 1 view .LVU229
 159:Src/main.c    ****                               |RCC_CLOCKTYPE_PCLK1|RCC_CLOCKTYPE_PCLK2;
 669              		.loc 1 159 31 is_stmt 0 view .LVU230
 670 007a 0F23     		movs	r3, #15
 671 007c 0793     		str	r3, [sp, #28]
 161:Src/main.c    ****   RCC_ClkInitStruct.AHBCLKDivider = RCC_SYSCLK_DIV1;
 672              		.loc 1 161 3 is_stmt 1 view .LVU231
 161:Src/main.c    ****   RCC_ClkInitStruct.AHBCLKDivider = RCC_SYSCLK_DIV1;
 673              		.loc 1 161 34 is_stmt 0 view .LVU232
 674 007e 0895     		str	r5, [sp, #32]
 162:Src/main.c    ****   RCC_ClkInitStruct.APB1CLKDivider = RCC_HCLK_DIV4;
 675              		.loc 1 162 3 is_stmt 1 view .LVU233
 162:Src/main.c    ****   RCC_ClkInitStruct.APB1CLKDivider = RCC_HCLK_DIV4;
 676              		.loc 1 162 35 is_stmt 0 view .LVU234
 677 0080 0994     		str	r4, [sp, #36]
 163:Src/main.c    ****   RCC_ClkInitStruct.APB2CLKDivider = RCC_HCLK_DIV2;
 678              		.loc 1 163 3 is_stmt 1 view .LVU235
 163:Src/main.c    ****   RCC_ClkInitStruct.APB2CLKDivider = RCC_HCLK_DIV2;
 679              		.loc 1 163 36 is_stmt 0 view .LVU236
 680 0082 4FF4A053 		mov	r3, #5120
 681 0086 0A93     		str	r3, [sp, #40]
 164:Src/main.c    **** 
 682              		.loc 1 164 3 is_stmt 1 view .LVU237
 164:Src/main.c    **** 
 683              		.loc 1 164 36 is_stmt 0 view .LVU238
 684 0088 4FF48053 		mov	r3, #4096
 685 008c 0B93     		str	r3, [sp, #44]
 166:Src/main.c    ****   {
 686              		.loc 1 166 3 is_stmt 1 view .LVU239
 166:Src/main.c    ****   {
 687              		.loc 1 166 7 is_stmt 0 view .LVU240
 688 008e 0521     		movs	r1, #5
 689 0090 07A8     		add	r0, sp, #28
 690 0092 FFF7FEFF 		bl	HAL_RCC_ClockConfig
 691              	.LVL17:
 170:Src/main.c    ****   PeriphClkInitStruct.PLLI2S.PLLI2SN = 192;
 692              		.loc 1 170 3 is_stmt 1 view .LVU241
 170:Src/main.c    ****   PeriphClkInitStruct.PLLI2S.PLLI2SN = 192;
 693              		.loc 1 170 44 is_stmt 0 view .LVU242
 694 0096 0396     		str	r6, [sp, #12]
 171:Src/main.c    ****   PeriphClkInitStruct.PLLI2S.PLLI2SR = 2;
 695              		.loc 1 171 3 is_stmt 1 view .LVU243
 171:Src/main.c    ****   PeriphClkInitStruct.PLLI2S.PLLI2SR = 2;
 696              		.loc 1 171 38 is_stmt 0 view .LVU244
 697 0098 C023     		movs	r3, #192
 698 009a 0493     		str	r3, [sp, #16]
 172:Src/main.c    ****   if (HAL_RCCEx_PeriphCLKConfig(&PeriphClkInitStruct) != HAL_OK)
 699              		.loc 1 172 3 is_stmt 1 view .LVU245
 172:Src/main.c    ****   if (HAL_RCCEx_PeriphCLKConfig(&PeriphClkInitStruct) != HAL_OK)
 700              		.loc 1 172 38 is_stmt 0 view .LVU246
 701 009c 0595     		str	r5, [sp, #20]
 173:Src/main.c    ****   {
 702              		.loc 1 173 3 is_stmt 1 view .LVU247
 173:Src/main.c    ****   {
ARM GAS  C:\Users\asafw\AppData\Local\Temp\ccf4mSAC.s 			page 22


 703              		.loc 1 173 7 is_stmt 0 view .LVU248
 704 009e 03A8     		add	r0, sp, #12
 705 00a0 FFF7FEFF 		bl	HAL_RCCEx_PeriphCLKConfig
 706              	.LVL18:
 177:Src/main.c    **** 
 707              		.loc 1 177 1 view .LVU249
 708 00a4 18B0     		add	sp, sp, #96
 709              	.LCFI8:
 710              		.cfi_def_cfa_offset 16
 711              		@ sp needed
 712 00a6 70BD     		pop	{r4, r5, r6, pc}
 713              	.L20:
 714              		.align	2
 715              	.L19:
 716 00a8 00380240 		.word	1073887232
 717 00ac 00700040 		.word	1073770496
 718              		.cfi_endproc
 719              	.LFE131:
 721              		.section	.text.main,"ax",%progbits
 722              		.align	1
 723              		.global	main
 724              		.syntax unified
 725              		.thumb
 726              		.thumb_func
 727              		.fpu fpv4-sp-d16
 729              	main:
 730              	.LFB130:
  77:Src/main.c    ****   /* USER CODE BEGIN 1 */
 731              		.loc 1 77 1 is_stmt 1 view -0
 732              		.cfi_startproc
 733              		@ Volatile: function does not return.
 734              		@ args = 0, pretend = 0, frame = 0
 735              		@ frame_needed = 0, uses_anonymous_args = 0
 736 0000 08B5     		push	{r3, lr}
 737              	.LCFI9:
 738              		.cfi_def_cfa_offset 8
 739              		.cfi_offset 3, -8
 740              		.cfi_offset 14, -4
  85:Src/main.c    **** 
 741              		.loc 1 85 3 view .LVU251
 742 0002 FFF7FEFF 		bl	HAL_Init
 743              	.LVL19:
  92:Src/main.c    **** 
 744              		.loc 1 92 3 view .LVU252
 745 0006 FFF7FEFF 		bl	SystemClock_Config
 746              	.LVL20:
  99:Src/main.c    ****   MX_I2C1_Init();
 747              		.loc 1 99 3 view .LVU253
 748 000a FFF7FEFF 		bl	MX_GPIO_Init
 749              	.LVL21:
 100:Src/main.c    ****   MX_I2S3_Init();
 750              		.loc 1 100 3 view .LVU254
 751 000e FFF7FEFF 		bl	MX_I2C1_Init
 752              	.LVL22:
 101:Src/main.c    ****   MX_SPI1_Init();
 753              		.loc 1 101 3 view .LVU255
 754 0012 FFF7FEFF 		bl	MX_I2S3_Init
ARM GAS  C:\Users\asafw\AppData\Local\Temp\ccf4mSAC.s 			page 23


 755              	.LVL23:
 102:Src/main.c    ****   MX_USB_HOST_Init();
 756              		.loc 1 102 3 view .LVU256
 757 0016 FFF7FEFF 		bl	MX_SPI1_Init
 758              	.LVL24:
 103:Src/main.c    ****   /* USER CODE BEGIN 2 */
 759              		.loc 1 103 3 view .LVU257
 760 001a FFF7FEFF 		bl	MX_USB_HOST_Init
 761              	.LVL25:
 762              	.L22:
 110:Src/main.c    ****   {
 763              		.loc 1 110 3 discriminator 1 view .LVU258
 122:Src/main.c    **** 
 764              		.loc 1 122 5 discriminator 1 view .LVU259
 765 001e FFF7FEFF 		bl	MX_USB_HOST_Process
 766              	.LVL26:
 110:Src/main.c    ****   {
 767              		.loc 1 110 9 discriminator 1 view .LVU260
 768 0022 FCE7     		b	.L22
 769              		.cfi_endproc
 770              	.LFE130:
 772              		.section	.text.Error_Handler,"ax",%progbits
 773              		.align	1
 774              		.global	Error_Handler
 775              		.syntax unified
 776              		.thumb
 777              		.thumb_func
 778              		.fpu fpv4-sp-d16
 780              	Error_Handler:
 781              	.LFB136:
 376:Src/main.c    **** 
 377:Src/main.c    **** /* USER CODE BEGIN 4 */
 378:Src/main.c    **** 
 379:Src/main.c    **** /* USER CODE END 4 */
 380:Src/main.c    **** 
 381:Src/main.c    **** /**
 382:Src/main.c    ****   * @brief  This function is executed in case of error occurrence.
 383:Src/main.c    ****   * @retval None
 384:Src/main.c    ****   */
 385:Src/main.c    **** void Error_Handler(void)
 386:Src/main.c    **** {
 782              		.loc 1 386 1 view -0
 783              		.cfi_startproc
 784              		@ args = 0, pretend = 0, frame = 0
 785              		@ frame_needed = 0, uses_anonymous_args = 0
 786              		@ link register save eliminated.
 387:Src/main.c    ****   /* USER CODE BEGIN Error_Handler_Debug */
 388:Src/main.c    ****   /* User can add his own implementation to report the HAL error return state */
 389:Src/main.c    **** 
 390:Src/main.c    ****   /* USER CODE END Error_Handler_Debug */
 391:Src/main.c    **** }
 787              		.loc 1 391 1 view .LVU262
 788 0000 7047     		bx	lr
 789              		.cfi_endproc
 790              	.LFE136:
 792              		.comm	hspi1,88,4
 793              		.comm	hi2s3,72,4
ARM GAS  C:\Users\asafw\AppData\Local\Temp\ccf4mSAC.s 			page 24


 794              		.comm	hi2c1,84,4
 795              		.text
 796              	.Letext0:
 797              		.file 2 "c:\\program files (x86)\\gnu arm embedded toolchain\\9 2020-q2-update\\arm-none-eabi\\inc
 798              		.file 3 "c:\\program files (x86)\\gnu arm embedded toolchain\\9 2020-q2-update\\arm-none-eabi\\inc
 799              		.file 4 "Drivers/CMSIS/Include/core_cm4.h"
 800              		.file 5 "Drivers/CMSIS/Device/ST/STM32F4xx/Include/system_stm32f4xx.h"
 801              		.file 6 "Drivers/CMSIS/Device/ST/STM32F4xx/Include/stm32f407xx.h"
 802              		.file 7 "Drivers/STM32F4xx_HAL_Driver/Inc/stm32f4xx_hal_def.h"
 803              		.file 8 "Drivers/STM32F4xx_HAL_Driver/Inc/stm32f4xx_hal_rcc_ex.h"
 804              		.file 9 "Drivers/STM32F4xx_HAL_Driver/Inc/stm32f4xx_hal_rcc.h"
 805              		.file 10 "Drivers/STM32F4xx_HAL_Driver/Inc/stm32f4xx_hal_gpio.h"
 806              		.file 11 "Drivers/STM32F4xx_HAL_Driver/Inc/stm32f4xx_hal_dma.h"
 807              		.file 12 "Drivers/STM32F4xx_HAL_Driver/Inc/stm32f4xx_hal_i2c.h"
 808              		.file 13 "Drivers/STM32F4xx_HAL_Driver/Inc/stm32f4xx_hal_i2s.h"
 809              		.file 14 "Drivers/STM32F4xx_HAL_Driver/Inc/stm32f4xx_hal_spi.h"
 810              		.file 15 "Drivers/STM32F4xx_HAL_Driver/Inc/stm32f4xx_hal.h"
 811              		.file 16 "c:\\program files (x86)\\gnu arm embedded toolchain\\9 2020-q2-update\\arm-none-eabi\\in
 812              		.file 17 "Inc/vl6180x_api.h"
 813              		.file 18 "Inc/usb_host.h"
 814              		.file 19 "<built-in>"
ARM GAS  C:\Users\asafw\AppData\Local\Temp\ccf4mSAC.s 			page 25


DEFINED SYMBOLS
                            *ABS*:00000000 main.c
C:\Users\asafw\AppData\Local\Temp\ccf4mSAC.s:18     .text.MX_GPIO_Init:00000000 $t
C:\Users\asafw\AppData\Local\Temp\ccf4mSAC.s:25     .text.MX_GPIO_Init:00000000 MX_GPIO_Init
C:\Users\asafw\AppData\Local\Temp\ccf4mSAC.s:339    .text.MX_GPIO_Init:00000170 $d
C:\Users\asafw\AppData\Local\Temp\ccf4mSAC.s:350    .text.MX_I2C1_Init:00000000 $t
C:\Users\asafw\AppData\Local\Temp\ccf4mSAC.s:356    .text.MX_I2C1_Init:00000000 MX_I2C1_Init
C:\Users\asafw\AppData\Local\Temp\ccf4mSAC.s:408    .text.MX_I2C1_Init:00000028 $d
                            *COM*:00000054 hi2c1
C:\Users\asafw\AppData\Local\Temp\ccf4mSAC.s:415    .text.MX_I2S3_Init:00000000 $t
C:\Users\asafw\AppData\Local\Temp\ccf4mSAC.s:421    .text.MX_I2S3_Init:00000000 MX_I2S3_Init
C:\Users\asafw\AppData\Local\Temp\ccf4mSAC.s:473    .text.MX_I2S3_Init:00000028 $d
                            *COM*:00000048 hi2s3
C:\Users\asafw\AppData\Local\Temp\ccf4mSAC.s:480    .text.MX_SPI1_Init:00000000 $t
C:\Users\asafw\AppData\Local\Temp\ccf4mSAC.s:486    .text.MX_SPI1_Init:00000000 MX_SPI1_Init
C:\Users\asafw\AppData\Local\Temp\ccf4mSAC.s:548    .text.MX_SPI1_Init:00000030 $d
                            *COM*:00000058 hspi1
C:\Users\asafw\AppData\Local\Temp\ccf4mSAC.s:554    .text.SystemClock_Config:00000000 $t
C:\Users\asafw\AppData\Local\Temp\ccf4mSAC.s:561    .text.SystemClock_Config:00000000 SystemClock_Config
C:\Users\asafw\AppData\Local\Temp\ccf4mSAC.s:716    .text.SystemClock_Config:000000a8 $d
C:\Users\asafw\AppData\Local\Temp\ccf4mSAC.s:722    .text.main:00000000 $t
C:\Users\asafw\AppData\Local\Temp\ccf4mSAC.s:729    .text.main:00000000 main
C:\Users\asafw\AppData\Local\Temp\ccf4mSAC.s:773    .text.Error_Handler:00000000 $t
C:\Users\asafw\AppData\Local\Temp\ccf4mSAC.s:780    .text.Error_Handler:00000000 Error_Handler

UNDEFINED SYMBOLS
HAL_GPIO_WritePin
HAL_GPIO_Init
HAL_I2C_Init
HAL_I2S_Init
HAL_SPI_Init
memset
HAL_RCC_OscConfig
HAL_RCC_ClockConfig
HAL_RCCEx_PeriphCLKConfig
HAL_Init
MX_USB_HOST_Init
MX_USB_HOST_Process
